<?xml version="1.0" encoding="UTF-8"?>
<!-- Generated by org.testng.reporters.JUnitReportReporter -->
<testsuite hostname="naimchowdhury-pc" failures="0" tests="1" name="bootcamp2022.mavenproject.homedepottest" time="12.662" errors="0" timestamp="2022-02-02T14:33:51 EST" skipped="0">
  <testcase classname="bootcamp2022.mavenproject.homedepottest" name="f" time="12.662"/>
  <system-out/>
</testsuite> <!-- bootcamp2022.mavenproject.homedepottest -->
