<?xml version="1.0" encoding="UTF-8"?>
<!-- Generated by org.testng.reporters.JUnitReportReporter -->
<testsuite hostname="naimchowdhury-pc" failures="0" tests="1" name="bootcamp2022.mavenproject.homedepottest" time="8.026" errors="0" timestamp="2022-02-01T12:52:31 EST" skipped="0">
  <testcase classname="bootcamp2022.mavenproject.homedepottest" name="f" time="8.026"/>
  <system-out/>
</testsuite> <!-- bootcamp2022.mavenproject.homedepottest -->
