<?xml version="1.0" encoding="UTF-8"?>
<!-- Generated by org.testng.reporters.JUnitReportReporter -->
<testsuite hostname="naimchowdhury-pc" failures="0" tests="1" name="bootcamp2022.mavenproject.homedepottest" time="7.746" errors="0" timestamp="2022-01-26T14:07:16 EST" skipped="0">
  <testcase classname="bootcamp2022.mavenproject.homedepottest" name="f" time="7.746"/>
  <system-out/>
</testsuite> <!-- bootcamp2022.mavenproject.homedepottest -->
